# JRE version: Java(TM) SE Runtime Environment (17.0.8+9) (build 17.0.8+9-LTS-211)
# Java VM: Java HotSpot(TM) 64-Bit Server VM (17.0.8+9-LTS-211, mixed mode, sharing, tiered, compressed oops, compressed class ptrs, g1 gc, windows-amd64)
GC Precious Log:
 CPUs: 4 total, 4 available
 Memory: 8074M
 Large Page Support: Disabled
 NUMA Support: Disabled
 Compressed Oops: Enabled (32-bit)
 Heap Region Size: 1M
 Heap Min Capacity: 8M
 Heap Initial Capacity: 128M
 Heap Max Capacity: 2G
 Pre-touch: Disabled
 Parallel Workers: 4
 Concurrent Workers: 1
 Concurrent Refinement Workers: 4
 Periodic GC: Disabled
Heap:
 garbage-first heap   total 167936K, used 141287K [0x0000000080000000, 0x0000000100000000)
  region size 1024K, 8 young (8192K), 2 survivors (2048K)
 Metaspace       used 85258K, committed 86144K, reserved 557056K
  class space    used 11820K, committed 12224K, reserved 425984K
GC Heap History (20 events):
Event: 79.061 GC heap before
{Heap before GC invocations=45 (full 0):
 garbage-first heap   total 121856K, used 102541K [0x0000000080000000, 0x0000000100000000)
  region size 1024K, 19 young (19456K), 3 survivors (3072K)
 Metaspace       used 79571K, committed 80320K, reserved 557056K
  class space    used 11017K, committed 11392K, reserved 425984K
}
Event: 79.068 GC heap after
{Heap after GC invocations=46 (full 0):
 garbage-first heap   total 121856K, used 87730K [0x0000000080000000, 0x0000000100000000)
  region size 1024K, 2 young (2048K), 2 survivors (2048K)
 Metaspace       used 79571K, committed 80320K, reserved 557056K
  class space    used 11017K, committed 11392K, reserved 425984K
}
Event: 79.833 GC heap before
{Heap before GC invocations=46 (full 0):
 garbage-first heap   total 121856K, used 103090K [0x0000000080000000, 0x0000000100000000)
  region size 1024K, 17 young (17408K), 2 survivors (2048K)
 Metaspace       used 80939K, committed 81664K, reserved 557056K
  class space    used 11289K, committed 11648K, reserved 425984K
}
Event: 79.838 GC heap after
{Heap after GC invocations=47 (full 0):
 garbage-first heap   total 121856K, used 89781K [0x0000000080000000, 0x0000000100000000)
  region size 1024K, 2 young (2048K), 2 survivors (2048K)
 Metaspace       used 80939K, committed 81664K, reserved 557056K
  class space    used 11289K, committed 11648K, reserved 425984K
}
Event: 80.570 GC heap before
{Heap before GC invocations=47 (full 0):
 garbage-first heap   total 121856K, used 101045K [0x0000000080000000, 0x0000000100000000)
  region size 1024K, 12 young (12288K), 2 survivors (2048K)
 Metaspace       used 81055K, committed 81792K, reserved 557056K
  class space    used 11298K, committed 11648K, reserved 425984K
}
Event: 80.575 GC heap after
{Heap after GC invocations=48 (full 0):
 garbage-first heap   total 121856K, used 94186K [0x0000000080000000, 0x0000000100000000)
  region size 1024K, 2 young (2048K), 2 survivors (2048K)
 Metaspace       used 81055K, committed 81792K, reserved 557056K
  class space    used 11298K, committed 11648K, reserved 425984K
}
Event: 80.916 GC heap before
{Heap before GC invocations=49 (full 0):
 garbage-first heap   total 167936K, used 106474K [0x0000000080000000, 0x0000000100000000)
  region size 1024K, 11 young (11264K), 2 survivors (2048K)
 Metaspace       used 81199K, committed 81984K, reserved 557056K
  class space    used 11320K, committed 11712K, reserved 425984K
}
Event: 80.922 GC heap after
{Heap after GC invocations=50 (full 0):
 garbage-first heap   total 167936K, used 99646K [0x0000000080000000, 0x0000000100000000)
  region size 1024K, 2 young (2048K), 2 survivors (2048K)
 Metaspace       used 81199K, committed 81984K, reserved 557056K
  class space    used 11320K, committed 11712K, reserved 425984K
}
Event: 81.119 GC heap before
{Heap before GC invocations=50 (full 0):
 garbage-first heap   total 167936K, used 105790K [0x0000000080000000, 0x0000000100000000)
  region size 1024K, 8 young (8192K), 2 survivors (2048K)
 Metaspace       used 81299K, committed 82112K, reserved 557056K
  class space    used 11333K, committed 11712K, reserved 425984K
}
Event: 81.124 GC heap after
{Heap after GC invocations=51 (full 0):
 garbage-first heap   total 167936K, used 100451K [0x0000000080000000, 0x0000000100000000)
  region size 1024K, 1 young (1024K), 1 survivors (1024K)
 Metaspace       used 81299K, committed 82112K, reserved 557056K
  class space    used 11333K, committed 11712K, reserved 425984K
}
Event: 82.898 GC heap before
{Heap before GC invocations=51 (full 0):
 garbage-first heap   total 167936K, used 132195K [0x0000000080000000, 0x0000000100000000)
  region size 1024K, 27 young (27648K), 1 survivors (1024K)
 Metaspace       used 81690K, committed 82496K, reserved 557056K
  class space    used 11350K, committed 11712K, reserved 425984K
}
Event: 82.903 GC heap after
{Heap after GC invocations=52 (full 0):
 garbage-first heap   total 167936K, used 113233K [0x0000000080000000, 0x0000000100000000)
  region size 1024K, 4 young (4096K), 4 survivors (4096K)
 Metaspace       used 81690K, committed 82496K, reserved 557056K
  class space    used 11350K, committed 11712K, reserved 425984K
}
Event: 84.205 GC heap before
{Heap before GC invocations=52 (full 0):
 garbage-first heap   total 167936K, used 134737K [0x0000000080000000, 0x0000000100000000)
  region size 1024K, 23 young (23552K), 4 survivors (4096K)
 Metaspace       used 83213K, committed 84096K, reserved 557056K
  class space    used 11556K, committed 11968K, reserved 425984K
}
Event: 84.212 GC heap after
{Heap after GC invocations=53 (full 0):
 garbage-first heap   total 167936K, used 118300K [0x0000000080000000, 0x0000000100000000)
  region size 1024K, 3 young (3072K), 3 survivors (3072K)
 Metaspace       used 83213K, committed 84096K, reserved 557056K
  class space    used 11556K, committed 11968K, reserved 425984K
}
Event: 85.651 GC heap before
{Heap before GC invocations=53 (full 0):
 garbage-first heap   total 167936K, used 135708K [0x0000000080000000, 0x0000000100000000)
  region size 1024K, 20 young (20480K), 3 survivors (3072K)
 Metaspace       used 84019K, committed 84864K, reserved 557056K
  class space    used 11649K, committed 12032K, reserved 425984K
}
Event: 85.657 GC heap after
{Heap after GC invocations=54 (full 0):
 garbage-first heap   total 167936K, used 121540K [0x0000000080000000, 0x0000000100000000)
  region size 1024K, 3 young (3072K), 3 survivors (3072K)
 Metaspace       used 84019K, committed 84864K, reserved 557056K
  class space    used 11649K, committed 12032K, reserved 425984K
}
Event: 86.514 GC heap before
{Heap before GC invocations=54 (full 0):
 garbage-first heap   total 167936K, used 144068K [0x0000000080000000, 0x0000000100000000)
  region size 1024K, 19 young (19456K), 3 survivors (3072K)
 Metaspace       used 84089K, committed 84928K, reserved 557056K
  class space    used 11656K, committed 12032K, reserved 425984K
}
Event: 86.521 GC heap after
{Heap after GC invocations=55 (full 0):
 garbage-first heap   total 167936K, used 133313K [0x0000000080000000, 0x0000000100000000)
  region size 1024K, 3 young (3072K), 3 survivors (3072K)
 Metaspace       used 84089K, committed 84928K, reserved 557056K
  class space    used 11656K, committed 12032K, reserved 425984K
}
Event: 86.855 GC heap before
{Heap before GC invocations=55 (full 0):
 garbage-first heap   total 167936K, used 140481K [0x0000000080000000, 0x0000000100000000)
  region size 1024K, 11 young (11264K), 3 survivors (3072K)
 Metaspace       used 84578K, committed 85440K, reserved 557056K
  class space    used 11731K, committed 12160K, reserved 425984K
}
Event: 86.858 GC heap after
{Heap after GC invocations=56 (full 0):
 garbage-first heap   total 167936K, used 136167K [0x0000000080000000, 0x0000000100000000)
  region size 1024K, 2 young (2048K), 2 survivors (2048K)
 Metaspace       used 84578K, committed 85440K, reserved 557056K
  class space    used 11731K, committed 12160K, reserved 425984K
}

